<?xml version="1.0" encoding="UTF-8"?>
<testsuites name="jest tests" tests="1" failures="0" errors="0" time="1.474">
  <testsuite name="Bad requests" errors="0" failures="0" skipped="0" timestamp="2023-10-15T20:55:52" time="1.434" tests="1">
    <testcase classname="Bad requests dsf" name="Bad requests dsf" time="0.001">
    </testcase>
  </testsuite>
</testsuites>